2026-01-22 09:58:18.172 - DBeaver 25.3.3.202601181752 is starting
2026-01-22 09:58:18.172 - OS: Windows 11 10.0 (amd64)
2026-01-22 09:58:18.172 - Java version: 21.0.8 by Eclipse Adoptium (64bit)
2026-01-22 09:58:18.172 - Install path: 'C:\Users\adminn\AppData\Local\DBeaver'
2026-01-22 09:58:18.172 - Instance path: 'file:/C:/study/2. Datanbase/'
2026-01-22 09:58:18.187 - Memory available 64Mb/1024Mb
2026-01-22 09:58:18.187 - Create display
2026-01-22 09:58:18.283 - Initialize desktop platform...
2026-01-22 09:58:18.377 - BounceCastle bundle found. Use JCE provider BC
> Start Core File Systems [org.eclipse.core.filesystem 1.11.400.v20251107-0507]
> Start Core Resource Management [org.eclipse.core.resources 3.23.100.v20251106-1705]
> Start 팀 지원 핵심 [org.eclipse.team.core 3.10.900.v20251104-0924]
> Start DBeaver UI Navigator [org.jkiss.dbeaver.ui.navigator 1.0.171.202601181752]
> Start JFace 텍스트 [org.eclipse.jface.text 3.29.0.v20251112-0859]
Warning: NLS unused message: WorkbenchPreference_reuseEditorsThreshold in: org.eclipse.ui.internal.messages
Warning: NLS unused message: 이유 in: org.eclipse.ui.internal.messages
2026-01-22 09:58:18.608 - Initialize base platform...
2026-01-22 09:58:18.617 - Platform initialized (334ms)
> Start Equinox Java Authentication and Authorization Service (JAAS) [org.eclipse.equinox.security 1.4.700.v20250622-1644]
> Start 인터넷 연결 관리 사용자 인터페이스 [org.eclipse.ui.net 1.5.500.v20250611-0855]
> Start Internet Connection Management [org.eclipse.core.net 1.5.800.v20250613-1119]
2026-01-22 09:58:18.644 - Proxy service 'org.eclipse.core.net.proxy.IProxyService' loaded
2026-01-22 09:58:18.669 - Starting instance server at http://localhost:50739
2026-01-22 09:58:18.675 - Run workbench
> Start Eclipse IDE UI [org.eclipse.ui.ide 3.22.800.v20251112-0859]
> Start Eclipse e4 작업영역 SWT [org.eclipse.e4.ui.workbench.swt 0.17.1000.v20251023-0611]
> Start Eclipse Application Services [org.eclipse.e4.core.services 2.5.300.v20251112-1253]
> Start Eclipse UI Application Services [org.eclipse.e4.ui.services 1.6.600.v20251023-1358]
> Start Eclipse e4 Progress View [org.eclipse.e4.ui.progress 0.4.900.v20251023-1511]
> Start Eclipse Bindings Support [org.eclipse.e4.ui.bindings 0.14.800.v20250916-0937]
> Start Eclipse e4 core commands [org.eclipse.e4.core.commands 1.1.700.v20250916-0927]
> Start EMF XML/XMI Persistence [org.eclipse.emf.ecore.xmi 2.39.0.v20250910-1205]
> Start Eclipse CSS SWT Theme Support [org.eclipse.e4.ui.css.swt.theme 0.14.600.v20251023-0615]
> Start Eclipse e4 작업영역 기능 추가 [org.eclipse.e4.ui.workbench.addons.swt 1.5.900.v20251007-0832]
> Start Eclipse e4 작업영역 SWT 렌더러 [org.eclipse.e4.ui.workbench.renderers.swt 0.16.1000.v20251114-0005]
> Start Eclipse Dependency Injection Extensions [org.eclipse.e4.core.di.extensions 0.18.300.v20240413-1529]
> Start DBeaver AI Model [org.jkiss.dbeaver.model.ai 2.0.14.202601181752]
> Start DBeaver AI UI [org.jkiss.dbeaver.ui.ai 1.0.73.202601181752]
> Start Eclipse CSS SWT Support [org.eclipse.e4.ui.css.swt 0.15.700.v20251023-1511]
2026-01-22 09:58:19.606 - Configure workbench window
> Start DBeaver SQL Model [org.jkiss.dbeaver.model.sql 1.0.161.202601181752]
2026-01-22 09:58:19.721 - Total database drivers: 127 (127)
> Start 도움말 시스템 코어 [org.eclipse.help 3.10.600.v20250613-0437]
2026-01-22 09:58:19.799 - Create actions
> Start 기본 문서 편집기 [org.eclipse.ui.editors 3.20.200.v20251125-0939]
> Start 텍스트 편집기 프레임워크 [org.eclipse.ui.workbench.texteditor 3.19.400.v20251105-0815]
2026-01-22 09:58:20.820 - Initialize workbench window
2026-01-22 09:58:20.830 - Finish initialization
> Start DBeaver UI Editors - Data [org.jkiss.dbeaver.ui.editors.data 1.0.171.202601181752]
> Start DBeaver UI Editors - SQL [org.jkiss.dbeaver.ui.editors.sql 1.0.171.202601181752]
> Start DBeaver Dashboard UI [org.jkiss.dbeaver.ui.dashboard 1.0.168.202601181752]
> Start GEF Classic Draw2d [org.eclipse.draw2d 3.21.0.202512020742]
> Start GEF Classic GEF (MVC) [org.eclipse.gef 3.24.0.202511201732]
> Start DBeaver ERD UI [org.jkiss.dbeaver.ui.editors.erd 3.1.12.202601181752]
> Start DBeaver ERD Model [org.jkiss.dbeaver.model.erd 1.1.12.202601181752]
> Start DBeaver Sample Database [org.jkiss.dbeaver.ui.config.sample 1.0.208.202601181752]
2026-01-22 09:58:25.133 - Open [https://dbeaver.io/product/version.xml]
> Start DBeaver MySQL UI Support [org.jkiss.dbeaver.ext.mysql.ui 1.0.163.202601181752]
> Start DBeaver JDBC Model [org.jkiss.dbeaver.model.jdbc 1.0.64.202601181752]
> Start DBeaver MySQL Support [org.jkiss.dbeaver.ext.mysql 2.1.256.202601181752]
2026-01-22 09:59:05.148 - Service 'org.jkiss.dbeaver.ui.UIServiceConnectionEditor' not found
2026-01-22 09:59:05.171 - Service 'org.jkiss.dbeaver.runtime.ui.UIServiceSecurity' not found
2026-01-22 09:59:30.023 - Service 'org.jkiss.dbeaver.ui.UIServiceConnectionEditor' not found
2026-01-22 09:59:30.030 - Service 'org.jkiss.dbeaver.runtime.ui.UIServiceSecurity' not found
2026-01-22 09:59:31.835 - Open [https://repo1.maven.org/maven2/com/mysql/mysql-connector-j/8.2.0/mysql-connector-j-8.2.0.pom]
2026-01-22 09:59:31.960 - Open [https://repo1.maven.org/maven2/com/google/protobuf/protobuf-java/3.21.9/protobuf-java-3.21.9.pom]
2026-01-22 09:59:31.992 - Open [https://repo1.maven.org/maven2/com/google/protobuf/protobuf-parent/3.21.9/protobuf-parent-3.21.9.pom]
2026-01-22 09:59:32.027 - Open [https://repo1.maven.org/maven2/com/google/protobuf/protobuf-bom/3.21.9/protobuf-bom-3.21.9.pom]
2026-01-22 09:59:34.994 - Open [https://repo1.maven.org/maven2/com/mysql/mysql-connector-j/8.2.0/mysql-connector-j-8.2.0.jar]
2026-01-22 09:59:35.177 - Open [https://repo1.maven.org/maven2/com/google/protobuf/protobuf-java/3.21.9/protobuf-java-3.21.9.jar]
2026-01-22 10:00:10.287 - Connect with 'localhost' (mysql8-19be336ad5d-44ec5041c9535462)
2026-01-22 10:00:10.308 - Execution context opened (localhost; Main; 0)
> Start DBeaver GIS Support [org.jkiss.dbeaver.data.gis 1.0.195.202601181752]
2026-01-22 10:00:10.404 - Execution context opened (localhost; Metadata; 1)
2026-01-22 10:00:10.446 - Connected (mysql8-19be336ad5d-44ec5041c9535462, MySQL Connector/J [mysql-connector-j-8.2.0 (Revision: 06a1f724497fd81c6a659131fda822c9e5085b6c)])
Warning: NLS unused message: FindReplace_RegExCheckbox_label in: org.eclipse.ui.texteditor.EditorMessages
Warning: NLS unused message: FindReplace_WrapCheckBox_label in: org.eclipse.ui.texteditor.EditorMessages
Warning: NLS unused message: FindReplace_IncrementalCheckBox_label in: org.eclipse.ui.texteditor.EditorMessages
Warning: NLS unused message: FindReplace_Options in: org.eclipse.ui.texteditor.EditorMessages
Warning: NLS unused message: FindReplace_ReplaceSelectionButton_label in: org.eclipse.ui.texteditor.EditorMessages
Warning: NLS unused message: FindReplace_SelectedRangeRadioButton_label in: org.eclipse.ui.texteditor.EditorMessages
Warning: NLS unused message: FindReplace_SelectAllButton_label in: org.eclipse.ui.texteditor.EditorMessages
Warning: NLS unused message: FindReplace_GlobalRadioButton_label in: org.eclipse.ui.texteditor.EditorMessages
Warning: NLS unused message: FindReplace_WholeWordCheckBox_label in: org.eclipse.ui.texteditor.EditorMessages
Warning: NLS unused message: FindReplace_ReplaceFindButton_label in: org.eclipse.ui.texteditor.EditorMessages
Warning: NLS unused message: FindReplace_BackwardRadioButton_label in: org.eclipse.ui.texteditor.EditorMessages
Warning: NLS unused message: FindReplace_CloseButton_label in: org.eclipse.ui.texteditor.EditorMessages
Warning: NLS unused message: FindReplace_Replace_label in: org.eclipse.ui.texteditor.EditorMessages
Warning: NLS unused message: FindReplace_CaseCheckBox_label in: org.eclipse.ui.texteditor.EditorMessages
Warning: NLS unused message: FindReplace_Status_replacements_label in: org.eclipse.ui.texteditor.EditorMessages
Warning: NLS unused message: FindReplace_title in: org.eclipse.ui.texteditor.EditorMessages
Warning: NLS unused message: FindReplace_Direction in: org.eclipse.ui.texteditor.EditorMessages
Warning: NLS unused message: FindReplace_ReplaceAllButton_label in: org.eclipse.ui.texteditor.EditorMessages
Warning: NLS unused message: FindReplace_Scope in: org.eclipse.ui.texteditor.EditorMessages
Warning: NLS unused message: FindReplace_Find_label in: org.eclipse.ui.texteditor.EditorMessages
Warning: NLS unused message: FindReplace_ForwardRadioButton_label in: org.eclipse.ui.texteditor.EditorMessages
Warning: NLS unused message: FindReplace_FindNextButton_label in: org.eclipse.ui.texteditor.EditorMessages
> Start DBeaver SQL Terminal [org.jkiss.dbeaver.ui.editors.sql.terminal 1.0.147.202601181752]
> Start 핵심 비교 지원 [org.eclipse.compare.core 3.8.800.v20250718-1505]
> Start 콘솔 [org.eclipse.ui.console 3.15.0.v20251113-1013]
> Start 디버그 핵심 [org.eclipse.debug.core 3.23.200.v20251107-0507]
2026-01-22 10:01:23.851 - Execution context opened (localhost; SQLEditor <Script.sql>; 2)
> Start DBeaver Tasks - Native Tools UI [org.jkiss.dbeaver.tasks.native.ui 1.0.149.202601181752]
> Start DBeaver Tasks - General UI [org.jkiss.dbeaver.tasks.ui 1.0.149.202601181752]
> Start DBeaver SQL Language Semantic Model [org.jkiss.dbeaver.model.lsm 1.0.66.202601181752]
> Start DBeaver Data Transfer [org.jkiss.dbeaver.data.transfer 2.0.155.202601181752]
> Start Equinox Provisioning Metadata [org.eclipse.equinox.p2.metadata 2.9.600.v20251108-0408]
2026-01-22 11:11:51.533 - Error while analyzing query text: DELETE ta ddl_alter
java.lang.UnsupportedOperationException: Symbol entry origin has already been set
	at org.jkiss.dbeaver.model.sql.semantics.SQLQueryLexicalScopeItem.setOrigin(SQLQueryLexicalScopeItem.java:51)
	at org.jkiss.dbeaver.model.sql.semantics.SQLQuerySymbolEntry.setOrigin(SQLQuerySymbolEntry.java:90)
	at org.jkiss.dbeaver.model.sql.semantics.SQLQuerySemanticUtils.performPartialResolution(SQLQuerySemanticUtils.java:98)
	at org.jkiss.dbeaver.model.sql.semantics.model.select.SQLQueryRowsTableDataModel.resolveRowSourcesImpl(SQLQueryRowsTableDataModel.java:181)
	at org.jkiss.dbeaver.model.sql.semantics.model.select.SQLQueryRowsSourceModel.resolveRowSources(SQLQueryRowsSourceModel.java:91)
	at org.jkiss.dbeaver.model.sql.semantics.model.select.SQLQueryRowsCorrelatedSourceModel.resolveRowSourcesImpl(SQLQueryRowsCorrelatedSourceModel.java:118)
	at org.jkiss.dbeaver.model.sql.semantics.model.select.SQLQueryRowsSourceModel.resolveRowSources(SQLQueryRowsSourceModel.java:91)
	at org.jkiss.dbeaver.model.sql.semantics.model.dml.SQLQueryDeleteModel.resolveRowsReferencesImpl(SQLQueryDeleteModel.java:91)
	at org.jkiss.dbeaver.model.sql.semantics.model.dml.SQLQueryDMLStatementModel.resolveObjectAndRowsReferences(SQLQueryDMLStatementModel.java:54)
	at org.jkiss.dbeaver.model.sql.semantics.model.SQLQueryModel.resolveRelations(SQLQueryModel.java:72)
	at org.jkiss.dbeaver.model.sql.semantics.SQLQueryModelRecognizer.recognizeQuery(SQLQueryModelRecognizer.java:154)
	at org.jkiss.dbeaver.model.sql.semantics.SQLQueryModelRecognizer.recognizeQuery(SQLQueryModelRecognizer.java:1026)
	at org.jkiss.dbeaver.ui.editors.sql.semantics.SQLBackgroundParsingJob.doWork(SQLBackgroundParsingJob.java:606)
	at org.jkiss.dbeaver.ui.editors.sql.semantics.SQLBackgroundParsingJob$1.run(SQLBackgroundParsingJob.java:86)
	at org.jkiss.dbeaver.model.runtime.AbstractJob.run(AbstractJob.java:110)
	at org.eclipse.core.internal.jobs.Worker.run(Worker.java:63)
2026-01-22 11:11:56.528 - Error while analyzing query text: DELETE taTABLE  ddl_alter
java.lang.UnsupportedOperationException: Symbol entry origin has already been set
	at org.jkiss.dbeaver.model.sql.semantics.SQLQueryLexicalScopeItem.setOrigin(SQLQueryLexicalScopeItem.java:51)
	at org.jkiss.dbeaver.model.sql.semantics.SQLQuerySymbolEntry.setOrigin(SQLQuerySymbolEntry.java:90)
	at org.jkiss.dbeaver.model.sql.semantics.SQLQuerySemanticUtils.performPartialResolution(SQLQuerySemanticUtils.java:98)
	at org.jkiss.dbeaver.model.sql.semantics.model.select.SQLQueryRowsTableDataModel.resolveRowSourcesImpl(SQLQueryRowsTableDataModel.java:181)
	at org.jkiss.dbeaver.model.sql.semantics.model.select.SQLQueryRowsSourceModel.resolveRowSources(SQLQueryRowsSourceModel.java:91)
	at org.jkiss.dbeaver.model.sql.semantics.model.select.SQLQueryRowsCorrelatedSourceModel.resolveRowSourcesImpl(SQLQueryRowsCorrelatedSourceModel.java:118)
	at org.jkiss.dbeaver.model.sql.semantics.model.select.SQLQueryRowsSourceModel.resolveRowSources(SQLQueryRowsSourceModel.java:91)
	at org.jkiss.dbeaver.model.sql.semantics.model.dml.SQLQueryDeleteModel.resolveRowsReferencesImpl(SQLQueryDeleteModel.java:91)
	at org.jkiss.dbeaver.model.sql.semantics.model.dml.SQLQueryDMLStatementModel.resolveObjectAndRowsReferences(SQLQueryDMLStatementModel.java:54)
	at org.jkiss.dbeaver.model.sql.semantics.model.SQLQueryModel.resolveRelations(SQLQueryModel.java:72)
	at org.jkiss.dbeaver.model.sql.semantics.SQLQueryModelRecognizer.recognizeQuery(SQLQueryModelRecognizer.java:154)
	at org.jkiss.dbeaver.model.sql.semantics.SQLQueryModelRecognizer.recognizeQuery(SQLQueryModelRecognizer.java:1026)
	at org.jkiss.dbeaver.ui.editors.sql.semantics.SQLBackgroundParsingJob.doWork(SQLBackgroundParsingJob.java:606)
	at org.jkiss.dbeaver.ui.editors.sql.semantics.SQLBackgroundParsingJob$1.run(SQLBackgroundParsingJob.java:86)
	at org.jkiss.dbeaver.model.runtime.AbstractJob.run(AbstractJob.java:110)
	at org.eclipse.core.internal.jobs.Worker.run(Worker.java:63)
2026-01-22 11:31:59.470 - Table 'employees.staff' not found in metadata catalog
2026-01-22 11:31:59.471 - Table 'employees.staff' not found in metadata catalog
2026-01-22 11:31:59.471 - Table 'employees.staff' not found in metadata catalog
2026-01-22 11:31:59.471 - Table 'employees.staff' not found in metadata catalog
2026-01-22 11:31:59.471 - Table 'employees.staff' not found in metadata catalog
2026-01-22 11:49:39.305 - Execution context opened (localhost; SQLEditor <Query>; 3)
2026-01-22 11:49:42.061 - Execution context closed (localhost, 3)
2026-01-22 12:06:23.777 - Execution context opened (localhost; SQLEditor <Script-1.sql>; 4)
> Start DBeaver Data GIS UI [org.jkiss.dbeaver.data.gis.view 1.0.166.202601181752]
2026-01-22 12:38:07.066 - Application goes into sleep mode
2026-01-22 13:17:09.693 - Application wakes
2026-01-22 13:34:56.486 - Execution context opened (localhost; SQLEditor <Script-1.sql>; 5)
2026-01-22 13:41:11.417 - Table 'employees.member_notnull' not found in metadata catalog
2026-01-22 13:41:11.417 - Table 'employees.member_notnull' not found in metadata catalog
2026-01-22 13:41:11.418 - Table 'employees.member_notnull' not found in metadata catalog
2026-01-22 13:41:11.418 - Table 'employees.member_notnull' not found in metadata catalog
2026-01-22 13:41:11.418 - Table 'employees.member_notnull' not found in metadata catalog
> Start DBeaver UI Editors - XML [org.jkiss.dbeaver.ui.editors.xml 1.0.171.202601181752]
2026-01-22 13:55:09.252 - Table 'employees.member_check' not found in metadata catalog
2026-01-22 14:12:46.079 - Can't parse numeric value [member_pk] using formatter: For input string: "member_pk"
2026-01-22 14:12:46.079 - Can't parse numeric value [member_pk] using formatter: For input string: "member_pk"
2026-01-22 14:12:46.080 - Can't parse numeric value [member_pk] using formatter: For input string: "member_pk"
2026-01-22 14:12:46.080 - Can't parse numeric value [member_pk] using formatter: For input string: "member_pk"
2026-01-22 14:12:46.080 - Can't parse numeric value [member_pk] using formatter: For input string: "member_pk"
2026-01-22 14:17:56.703 - Error while analyzing query text: -- 두번째 방법
INSERT INTO member_pk(id) VALUES('test')
java.lang.IllegalStateException: Rows data was not resolved yet
	at org.jkiss.dbeaver.model.sql.semantics.model.select.SQLQueryRowsSourceModel.getRowsDataContext(SQLQueryRowsSourceModel.java:52)
	at org.jkiss.dbeaver.model.sql.semantics.model.dml.SQLQueryInsertModel.resolveValueRelations(SQLQueryInsertModel.java:114)
	at org.jkiss.dbeaver.model.sql.semantics.model.SQLQueryModel.resolveRelations(SQLQueryModel.java:73)
	at org.jkiss.dbeaver.model.sql.semantics.SQLQueryModelRecognizer.recognizeQuery(SQLQueryModelRecognizer.java:154)
	at org.jkiss.dbeaver.model.sql.semantics.SQLQueryModelRecognizer.recognizeQuery(SQLQueryModelRecognizer.java:1026)
	at org.jkiss.dbeaver.ui.editors.sql.semantics.SQLBackgroundParsingJob.doWork(SQLBackgroundParsingJob.java:606)
	at org.jkiss.dbeaver.ui.editors.sql.semantics.SQLBackgroundParsingJob$1.run(SQLBackgroundParsingJob.java:86)
	at org.jkiss.dbeaver.model.runtime.AbstractJob.run(AbstractJob.java:110)
	at org.eclipse.core.internal.jobs.Worker.run(Worker.java:63)
2026-01-22 14:51:18.766 - Error while analyzing query text: INSERT INTO member_primary(id)
VALUES('test1'),
	  ('test2'),
	  ('test3')
java.lang.IllegalStateException: Rows data was not resolved yet
	at org.jkiss.dbeaver.model.sql.semantics.model.select.SQLQueryRowsSourceModel.getRowsDataContext(SQLQueryRowsSourceModel.java:52)
	at org.jkiss.dbeaver.model.sql.semantics.model.dml.SQLQueryInsertModel.resolveValueRelations(SQLQueryInsertModel.java:114)
	at org.jkiss.dbeaver.model.sql.semantics.model.SQLQueryModel.resolveRelations(SQLQueryModel.java:73)
	at org.jkiss.dbeaver.model.sql.semantics.SQLQueryModelRecognizer.recognizeQuery(SQLQueryModelRecognizer.java:154)
	at org.jkiss.dbeaver.model.sql.semantics.SQLQueryModelRecognizer.recognizeQuery(SQLQueryModelRecognizer.java:1026)
	at org.jkiss.dbeaver.ui.editors.sql.semantics.SQLBackgroundParsingJob.doWork(SQLBackgroundParsingJob.java:606)
	at org.jkiss.dbeaver.ui.editors.sql.semantics.SQLBackgroundParsingJob$1.run(SQLBackgroundParsingJob.java:86)
	at org.jkiss.dbeaver.model.runtime.AbstractJob.run(AbstractJob.java:110)
	at org.eclipse.core.internal.jobs.Worker.run(Worker.java:63)
2026-01-22 14:54:06.477 - Table 'employees.member_primary' not found in metadata catalog
2026-01-22 14:54:06.478 - Table 'employees.member_primary' not found in metadata catalog
2026-01-22 14:54:15.872 - Table 'employees.board_foreign' not found in metadata catalog
2026-01-22 14:54:15.873 - Table 'employees.board_foreign' not found in metadata catalog
2026-01-22 14:54:15.873 - Table 'employees.board_foreign' not found in metadata catalog
2026-01-22 14:54:24.986 - Table 'employees.member_primary' not found in metadata catalog
2026-01-22 14:54:24.986 - Table 'employees.member_primary' not found in metadata catalog
2026-01-22 15:10:40.007 - Error while analyzing query text: DELETE FROM member_primary
member_primary_id = 2
java.lang.UnsupportedOperationException: Symbol entry origin has already been set
	at org.jkiss.dbeaver.model.sql.semantics.SQLQueryLexicalScopeItem.setOrigin(SQLQueryLexicalScopeItem.java:51)
	at org.jkiss.dbeaver.model.sql.semantics.SQLQuerySymbolEntry.setOrigin(SQLQuerySymbolEntry.java:90)
	at org.jkiss.dbeaver.model.sql.semantics.SQLQuerySemanticUtils.setNamePartsDefinition(SQLQuerySemanticUtils.java:158)
	at org.jkiss.dbeaver.model.sql.semantics.SQLQuerySemanticUtils.setNamePartsDefinition(SQLQuerySemanticUtils.java:125)
	at org.jkiss.dbeaver.model.sql.semantics.model.select.SQLQueryRowsTableDataModel.resolveRowSourcesImpl(SQLQueryRowsTableDataModel.java:170)
	at org.jkiss.dbeaver.model.sql.semantics.model.select.SQLQueryRowsSourceModel.resolveRowSources(SQLQueryRowsSourceModel.java:91)
	at org.jkiss.dbeaver.model.sql.semantics.model.select.SQLQueryRowsCorrelatedSourceModel.resolveRowSourcesImpl(SQLQueryRowsCorrelatedSourceModel.java:118)
	at org.jkiss.dbeaver.model.sql.semantics.model.select.SQLQueryRowsSourceModel.resolveRowSources(SQLQueryRowsSourceModel.java:91)
	at org.jkiss.dbeaver.model.sql.semantics.model.dml.SQLQueryDeleteModel.resolveRowsReferencesImpl(SQLQueryDeleteModel.java:91)
	at org.jkiss.dbeaver.model.sql.semantics.model.dml.SQLQueryDMLStatementModel.resolveObjectAndRowsReferences(SQLQueryDMLStatementModel.java:54)
	at org.jkiss.dbeaver.model.sql.semantics.model.SQLQueryModel.resolveRelations(SQLQueryModel.java:72)
	at org.jkiss.dbeaver.model.sql.semantics.SQLQueryModelRecognizer.recognizeQuery(SQLQueryModelRecognizer.java:154)
	at org.jkiss.dbeaver.model.sql.semantics.SQLQueryModelRecognizer.recognizeQuery(SQLQueryModelRecognizer.java:1026)
	at org.jkiss.dbeaver.ui.editors.sql.semantics.SQLBackgroundParsingJob.doWork(SQLBackgroundParsingJob.java:606)
	at org.jkiss.dbeaver.ui.editors.sql.semantics.SQLBackgroundParsingJob$1.run(SQLBackgroundParsingJob.java:86)
	at org.jkiss.dbeaver.model.runtime.AbstractJob.run(AbstractJob.java:110)
	at org.eclipse.core.internal.jobs.Worker.run(Worker.java:63)
2026-01-22 15:10:41.481 - Error while analyzing query text: DELETE FROM member_primary
member_primary_id = 2
java.lang.UnsupportedOperationException: Symbol entry origin has already been set
	at org.jkiss.dbeaver.model.sql.semantics.SQLQueryLexicalScopeItem.setOrigin(SQLQueryLexicalScopeItem.java:51)
	at org.jkiss.dbeaver.model.sql.semantics.SQLQuerySymbolEntry.setOrigin(SQLQuerySymbolEntry.java:90)
	at org.jkiss.dbeaver.model.sql.semantics.SQLQuerySemanticUtils.setNamePartsDefinition(SQLQuerySemanticUtils.java:158)
	at org.jkiss.dbeaver.model.sql.semantics.SQLQuerySemanticUtils.setNamePartsDefinition(SQLQuerySemanticUtils.java:125)
	at org.jkiss.dbeaver.model.sql.semantics.model.select.SQLQueryRowsTableDataModel.resolveRowSourcesImpl(SQLQueryRowsTableDataModel.java:170)
	at org.jkiss.dbeaver.model.sql.semantics.model.select.SQLQueryRowsSourceModel.resolveRowSources(SQLQueryRowsSourceModel.java:91)
	at org.jkiss.dbeaver.model.sql.semantics.model.select.SQLQueryRowsCorrelatedSourceModel.resolveRowSourcesImpl(SQLQueryRowsCorrelatedSourceModel.java:118)
	at org.jkiss.dbeaver.model.sql.semantics.model.select.SQLQueryRowsSourceModel.resolveRowSources(SQLQueryRowsSourceModel.java:91)
	at org.jkiss.dbeaver.model.sql.semantics.model.dml.SQLQueryDeleteModel.resolveRowsReferencesImpl(SQLQueryDeleteModel.java:91)
	at org.jkiss.dbeaver.model.sql.semantics.model.dml.SQLQueryDMLStatementModel.resolveObjectAndRowsReferences(SQLQueryDMLStatementModel.java:54)
	at org.jkiss.dbeaver.model.sql.semantics.model.SQLQueryModel.resolveRelations(SQLQueryModel.java:72)
	at org.jkiss.dbeaver.model.sql.semantics.SQLQueryModelRecognizer.recognizeQuery(SQLQueryModelRecognizer.java:154)
	at org.jkiss.dbeaver.model.sql.semantics.SQLQueryModelRecognizer.recognizeQuery(SQLQueryModelRecognizer.java:1026)
	at org.jkiss.dbeaver.ui.editors.sql.semantics.SQLBackgroundParsingJob.doWork(SQLBackgroundParsingJob.java:606)
	at org.jkiss.dbeaver.ui.editors.sql.semantics.SQLBackgroundParsingJob$1.run(SQLBackgroundParsingJob.java:86)
	at org.jkiss.dbeaver.model.runtime.AbstractJob.run(AbstractJob.java:110)
	at org.eclipse.core.internal.jobs.Worker.run(Worker.java:63)
2026-01-22 15:10:43.188 - Error while analyzing query text: DELETE FROM member_primary
 member_primary_id = 2
java.lang.UnsupportedOperationException: Symbol entry origin has already been set
	at org.jkiss.dbeaver.model.sql.semantics.SQLQueryLexicalScopeItem.setOrigin(SQLQueryLexicalScopeItem.java:51)
	at org.jkiss.dbeaver.model.sql.semantics.SQLQuerySymbolEntry.setOrigin(SQLQuerySymbolEntry.java:90)
	at org.jkiss.dbeaver.model.sql.semantics.SQLQuerySemanticUtils.setNamePartsDefinition(SQLQuerySemanticUtils.java:158)
	at org.jkiss.dbeaver.model.sql.semantics.SQLQuerySemanticUtils.setNamePartsDefinition(SQLQuerySemanticUtils.java:125)
	at org.jkiss.dbeaver.model.sql.semantics.model.select.SQLQueryRowsTableDataModel.resolveRowSourcesImpl(SQLQueryRowsTableDataModel.java:170)
	at org.jkiss.dbeaver.model.sql.semantics.model.select.SQLQueryRowsSourceModel.resolveRowSources(SQLQueryRowsSourceModel.java:91)
	at org.jkiss.dbeaver.model.sql.semantics.model.select.SQLQueryRowsCorrelatedSourceModel.resolveRowSourcesImpl(SQLQueryRowsCorrelatedSourceModel.java:118)
	at org.jkiss.dbeaver.model.sql.semantics.model.select.SQLQueryRowsSourceModel.resolveRowSources(SQLQueryRowsSourceModel.java:91)
	at org.jkiss.dbeaver.model.sql.semantics.model.dml.SQLQueryDeleteModel.resolveRowsReferencesImpl(SQLQueryDeleteModel.java:91)
	at org.jkiss.dbeaver.model.sql.semantics.model.dml.SQLQueryDMLStatementModel.resolveObjectAndRowsReferences(SQLQueryDMLStatementModel.java:54)
	at org.jkiss.dbeaver.model.sql.semantics.model.SQLQueryModel.resolveRelations(SQLQueryModel.java:72)
	at org.jkiss.dbeaver.model.sql.semantics.SQLQueryModelRecognizer.recognizeQuery(SQLQueryModelRecognizer.java:154)
	at org.jkiss.dbeaver.model.sql.semantics.SQLQueryModelRecognizer.recognizeQuery(SQLQueryModelRecognizer.java:1026)
	at org.jkiss.dbeaver.ui.editors.sql.semantics.SQLBackgroundParsingJob.doWork(SQLBackgroundParsingJob.java:606)
	at org.jkiss.dbeaver.ui.editors.sql.semantics.SQLBackgroundParsingJob$1.run(SQLBackgroundParsingJob.java:86)
	at org.jkiss.dbeaver.model.runtime.AbstractJob.run(AbstractJob.java:110)
	at org.eclipse.core.internal.jobs.Worker.run(Worker.java:63)
2026-01-22 15:15:31.015 - Error while analyzing query text: -- SET NULL 자식테이블 참조 삭제
 CREATE TABLE board_foreign(
	board_foreign_id int PRIMARY KEY AUTO_INCREMENT, 
	title varchar(300),
	writer_id int,
	CONSTRAINT fk_wriker FOREIGN KEY (writer_id) 
	REFERENCES member_primary(member_primary_id)
-- 	              참조테이블         참조할 컬럼명
	ON DELETE SET NULL  
)
java.lang.IllegalStateException: Rows data was not resolved yet
	at org.jkiss.dbeaver.model.sql.semantics.model.select.SQLQueryRowsSourceModel.getRowsDataContext(SQLQueryRowsSourceModel.java:52)
	at org.jkiss.dbeaver.model.sql.semantics.model.ddl.SQLQueryColumnConstraintSpec.propagateForReferencedEntity(SQLQueryColumnConstraintSpec.java:118)
	at org.jkiss.dbeaver.model.sql.semantics.model.ddl.SQLQueryTableConstraintSpec.resolveRelations(SQLQueryTableConstraintSpec.java:116)
	at org.jkiss.dbeaver.model.sql.semantics.model.ddl.SQLQueryTableCreateModel.resolveObjectAndRowsReferences(SQLQueryTableCreateModel.java:139)
	at org.jkiss.dbeaver.model.sql.semantics.model.SQLQueryModel.resolveRelations(SQLQueryModel.java:72)
	at org.jkiss.dbeaver.model.sql.semantics.SQLQueryModelRecognizer.recognizeQuery(SQLQueryModelRecognizer.java:154)
	at org.jkiss.dbeaver.model.sql.semantics.SQLQueryModelRecognizer.recognizeQuery(SQLQueryModelRecognizer.java:1026)
	at org.jkiss.dbeaver.ui.editors.sql.semantics.SQLBackgroundParsingJob.doWork(SQLBackgroundParsingJob.java:606)
	at org.jkiss.dbeaver.ui.editors.sql.semantics.SQLBackgroundParsingJob$1.run(SQLBackgroundParsingJob.java:86)
	at org.jkiss.dbeaver.model.runtime.AbstractJob.run(AbstractJob.java:110)
	at org.eclipse.core.internal.jobs.Worker.run(Worker.java:63)
2026-01-22 15:30:59.390 - Execution context opened (localhost; SQLEditor <Script-2.sql>; 6)
> Start Equinox Security Default UI [org.eclipse.equinox.security.ui 1.4.700.v20251111-0659]
> Start 검색 지원 [org.eclipse.search 3.17.400.v20251107-0917]
> Start Search Support Core [org.eclipse.search.core 3.16.600.v20250920-0652]
> Start Quick Search [org.eclipse.text.quicksearch 1.3.300.v20251111-1128]
2026-01-22 15:52:54.405 - Execution context opened (localhost; SQLEditor <Script-2.sql>; 7)
2026-01-22 16:03:15.966 - Execution context closed (localhost, 7)
2026-01-22 16:04:05.329 - Execution context opened (localhost; SQLEditor <문제풀이.sql>; 8)
2026-01-22 16:19:57.988 - Can't parse numeric value [WHERE emp_no = 10001;] using formatter: For input string: "WHE"
2026-01-22 16:19:57.989 - Can't parse numeric value [WHERE emp_no = 10001;] using formatter: For input string: "WHE"
2026-01-22 16:19:57.989 - Can't parse numeric value [WHERE emp_no = 10001;] using formatter: For input string: "WHE"
2026-01-22 16:19:57.990 - Can't parse numeric value [WHERE emp_no = 10001;] using formatter: For input string: "WHE"
2026-01-22 16:19:57.990 - Can't parse numeric value [WHERE emp_no = 10001;] using formatter: For input string: "WHE"
2026-01-22 16:32:12.290 - Can't parse numeric value [SELECT * FROM salaries
WHERE emp_no = 499001;
] using formatter: For input string: "SEL"
2026-01-22 16:32:12.291 - Can't parse numeric value [SELECT * FROM salaries
WHERE emp_no = 499001;
] using formatter: For input string: "SEL"
2026-01-22 16:32:12.292 - Can't parse numeric value [SELECT * FROM salaries
WHERE emp_no = 499001;
] using formatter: For input string: "SEL"
2026-01-22 16:32:12.292 - Can't parse numeric value [SELECT * FROM salaries
WHERE emp_no = 499001;
] using formatter: For input string: "SEL"
2026-01-22 16:32:12.294 - Can't parse numeric value [SELECT * FROM salaries
WHERE emp_no = 499001;
] using formatter: For input string: "SEL"
2026-01-22 16:32:16.025 - Can't parse numeric value [SELECT * FROM salaries
WHERE emp_no = 499001;
] using formatter: For input string: "SEL"
2026-01-22 16:32:16.025 - Can't parse numeric value [SELECT * FROM salaries
WHERE emp_no = 499001;
] using formatter: For input string: "SEL"
2026-01-22 16:32:16.026 - Can't parse numeric value [SELECT * FROM salaries
WHERE emp_no = 499001;
] using formatter: For input string: "SEL"
2026-01-22 16:32:16.027 - Can't parse numeric value [SELECT * FROM salaries
WHERE emp_no = 499001;
] using formatter: For input string: "SEL"
2026-01-22 16:32:16.028 - Can't parse numeric value [SELECT * FROM salaries
WHERE emp_no = 499001;
] using formatter: For input string: "SEL"
2026-01-22 16:32:19.923 - Can't parse numeric value [SELECT * FROM salaries
WHERE emp_no = 499001;
] using formatter: For input string: "SEL"
2026-01-22 16:32:19.924 - Can't parse numeric value [SELECT * FROM salaries
WHERE emp_no = 499001;
] using formatter: For input string: "SEL"
2026-01-22 16:32:19.924 - Can't parse numeric value [SELECT * FROM salaries
WHERE emp_no = 499001;
] using formatter: For input string: "SEL"
2026-01-22 16:32:19.925 - Can't parse numeric value [SELECT * FROM salaries
WHERE emp_no = 499001;
] using formatter: For input string: "SEL"
2026-01-22 16:32:19.926 - Can't parse numeric value [SELECT * FROM salaries
WHERE emp_no = 499001;
] using formatter: For input string: "SEL"
2026-01-22 16:32:22.304 - Can't parse numeric value [SELECT * FROM salaries
WHERE emp_no = 499001;
] using formatter: For input string: "SEL"
2026-01-22 16:32:22.304 - Can't parse numeric value [SELECT * FROM salaries
WHERE emp_no = 499001;
] using formatter: For input string: "SEL"
2026-01-22 16:32:22.304 - Can't parse numeric value [SELECT * FROM salaries
WHERE emp_no = 499001;
] using formatter: For input string: "SEL"
2026-01-22 16:32:22.304 - Can't parse numeric value [SELECT * FROM salaries
WHERE emp_no = 499001;
] using formatter: For input string: "SEL"
2026-01-22 16:32:22.304 - Can't parse numeric value [SELECT * FROM salaries
WHERE emp_no = 499001;
] using formatter: For input string: "SEL"
2026-01-22 16:45:51.016 - Error while analyzing query text: UPDATE titles
SET title = 'Seni'
WHERE last_name = 'Kim'
java.lang.IllegalStateException: Rows data was not resolved yet
	at org.jkiss.dbeaver.model.sql.semantics.model.select.SQLQueryRowsSourceModel.getRowsDataContext(SQLQueryRowsSourceModel.java:52)
	at org.jkiss.dbeaver.model.sql.semantics.model.dml.SQLQueryUpdateModel.resolveValueRelations(SQLQueryUpdateModel.java:278)
	at org.jkiss.dbeaver.model.sql.semantics.model.SQLQueryModel.resolveRelations(SQLQueryModel.java:73)
	at org.jkiss.dbeaver.model.sql.semantics.SQLQueryModelRecognizer.recognizeQuery(SQLQueryModelRecognizer.java:154)
	at org.jkiss.dbeaver.model.sql.semantics.SQLQueryModelRecognizer.recognizeQuery(SQLQueryModelRecognizer.java:1026)
	at org.jkiss.dbeaver.ui.editors.sql.semantics.SQLBackgroundParsingJob.doWork(SQLBackgroundParsingJob.java:606)
	at org.jkiss.dbeaver.ui.editors.sql.semantics.SQLBackgroundParsingJob$1.run(SQLBackgroundParsingJob.java:86)
	at org.jkiss.dbeaver.model.runtime.AbstractJob.run(AbstractJob.java:110)
	at org.eclipse.core.internal.jobs.Worker.run(Worker.java:63)
2026-01-22 16:53:04.705 - Can't parse numeric value [salaries] using formatter: For input string: "salaries"
2026-01-22 16:53:04.706 - Can't parse numeric value [salaries] using formatter: For input string: "salaries"
2026-01-22 16:53:04.706 - Can't parse numeric value [salaries] using formatter: For input string: "salaries"
2026-01-22 16:53:04.707 - Can't parse numeric value [salaries] using formatter: For input string: "salaries"
2026-01-22 16:53:04.707 - Can't parse numeric value [salaries] using formatter: For input string: "salaries"
2026-01-22 17:32:51.987 - Execution context opened (localhost; SQLEditor <Script-2.sql>; 9)
2026-01-22 18:00:23.965 - Can't parse numeric value [emp_no,] using formatter: For input string: "emp_no,"
2026-01-22 18:00:23.965 - Can't parse numeric value [emp_no,] using formatter: For input string: "emp_no,"
2026-01-22 18:00:23.965 - Can't parse numeric value [emp_no,] using formatter: For input string: "emp_no,"
2026-01-22 18:00:23.968 - Can't parse numeric value [emp_no,] using formatter: For input string: "emp_no,"
2026-01-22 18:00:23.968 - Can't parse numeric value [emp_no,] using formatter: For input string: "emp_no,"
2026-01-22 18:00:24.909 - Can't parse numeric value [emp_no,] using formatter: For input string: "emp_no,"
2026-01-22 18:00:24.909 - Can't parse numeric value [emp_no,] using formatter: For input string: "emp_no,"
2026-01-22 18:00:24.909 - Can't parse numeric value [emp_no,] using formatter: For input string: "emp_no,"
2026-01-22 18:00:24.909 - Can't parse numeric value [emp_no,] using formatter: For input string: "emp_no,"
2026-01-22 18:00:24.909 - Can't parse numeric value [emp_no,] using formatter: For input string: "emp_no,"
2026-01-22 18:00:26.008 - Can't parse numeric value [emp_no,] using formatter: For input string: "emp_no,"
2026-01-22 18:00:26.009 - Can't parse numeric value [emp_no,] using formatter: For input string: "emp_no,"
2026-01-22 18:00:26.009 - Can't parse numeric value [emp_no,] using formatter: For input string: "emp_no,"
2026-01-22 18:00:26.010 - Can't parse numeric value [emp_no,] using formatter: For input string: "emp_no,"
2026-01-22 18:00:26.010 - Can't parse numeric value [emp_no,] using formatter: For input string: "emp_no,"
2026-01-22 18:00:28.384 - Can't parse numeric value [emp_no,] using formatter: For input string: "emp_no,"
2026-01-22 18:00:28.384 - Can't parse numeric value [emp_no,] using formatter: For input string: "emp_no,"
2026-01-22 18:00:28.385 - Can't parse numeric value [emp_no,] using formatter: For input string: "emp_no,"
2026-01-22 18:00:28.385 - Can't parse numeric value [emp_no,] using formatter: For input string: "emp_no,"
2026-01-22 18:00:28.385 - Can't parse numeric value [emp_no,] using formatter: For input string: "emp_no,"
2026-01-22 18:00:33.004 - Can't parse numeric value [emp_no,] using formatter: For input string: "emp_no,"
2026-01-22 18:00:33.004 - Can't parse numeric value [emp_no,] using formatter: For input string: "emp_no,"
2026-01-22 18:00:33.005 - Can't parse numeric value [emp_no,] using formatter: For input string: "emp_no,"
2026-01-22 18:00:33.005 - Can't parse numeric value [emp_no,] using formatter: For input string: "emp_no,"
2026-01-22 18:00:33.005 - Can't parse numeric value [emp_no,] using formatter: For input string: "emp_no,"
2026-01-22 18:00:35.604 - Can't parse numeric value [emp_no,] using formatter: For input string: "emp_no,"
2026-01-22 18:00:35.607 - Can't parse numeric value [emp_no,] using formatter: For input string: "emp_no,"
2026-01-22 18:00:35.607 - Can't parse numeric value [emp_no,] using formatter: For input string: "emp_no,"
2026-01-22 18:00:35.607 - Can't parse numeric value [emp_no,] using formatter: For input string: "emp_no,"
2026-01-22 18:00:35.607 - Can't parse numeric value [emp_no,] using formatter: For input string: "emp_no,"
2026-01-22 18:02:25.776 - Can't parse numeric value [SELECT * FROM salaries
WHERE salary >= 50000
AND salary <= 60000;] using formatter: For input string: "SELE"
2026-01-22 18:02:25.776 - Can't parse numeric value [SELECT * FROM salaries
WHERE salary >= 50000
AND salary <= 60000;] using formatter: For input string: "SELE"
2026-01-22 18:02:25.776 - Can't parse numeric value [SELECT * FROM salaries
WHERE salary >= 50000
AND salary <= 60000;] using formatter: For input string: "SELE"
2026-01-22 18:02:25.776 - Can't parse numeric value [SELECT * FROM salaries
WHERE salary >= 50000
AND salary <= 60000;] using formatter: For input string: "SELE"
2026-01-22 18:02:25.776 - Can't parse numeric value [SELECT * FROM salaries
WHERE salary >= 50000
AND salary <= 60000;] using formatter: For input string: "SELE"
2026-01-22 18:03:44.964 - Can't parse numeric value [SELECT * FROM salaries
WHERE salary >= 50000
AND salary <= 60000;] using formatter: For input string: "SELE"
2026-01-22 18:03:44.964 - Can't parse numeric value [SELECT * FROM salaries
WHERE salary >= 50000
AND salary <= 60000;] using formatter: For input string: "SELE"
2026-01-22 18:03:44.965 - Can't parse numeric value [SELECT * FROM salaries
WHERE salary >= 50000
AND salary <= 60000;] using formatter: For input string: "SELE"
2026-01-22 18:03:44.965 - Can't parse numeric value [SELECT * FROM salaries
WHERE salary >= 50000
AND salary <= 60000;] using formatter: For input string: "SELE"
2026-01-22 18:03:44.965 - Can't parse numeric value [SELECT * FROM salaries
WHERE salary >= 50000
AND salary <= 60000;] using formatter: For input string: "SELE"
2026-01-22 18:05:39.824 - Can't parse numeric value [-- salaries 테이블에서 연봉이 50000 이상이면서 60000 미만인 직원 조회
SELECT * FROM salaries
WHERE salary BETWEEN 50000 AND 60000;] using formatter: Illegal embedded sign character
2026-01-22 18:05:39.824 - Can't parse numeric value [-- salaries 테이블에서 연봉이 50000 이상이면서 60000 미만인 직원 조회
SELECT * FROM salaries
WHERE salary BETWEEN 50000 AND 60000;] using formatter: Illegal embedded sign character
2026-01-22 18:05:39.826 - Can't parse numeric value [-- salaries 테이블에서 연봉이 50000 이상이면서 60000 미만인 직원 조회
SELECT * FROM salaries
WHERE salary BETWEEN 50000 AND 60000;] using formatter: Illegal embedded sign character
2026-01-22 18:05:39.827 - Can't parse numeric value [-- salaries 테이블에서 연봉이 50000 이상이면서 60000 미만인 직원 조회
SELECT * FROM salaries
WHERE salary BETWEEN 50000 AND 60000;] using formatter: Illegal embedded sign character
2026-01-22 18:05:39.829 - Can't parse numeric value [-- salaries 테이블에서 연봉이 50000 이상이면서 60000 미만인 직원 조회
SELECT * FROM salaries
WHERE salary BETWEEN 50000 AND 60000;] using formatter: Illegal embedded sign character
2026-01-22 18:07:07.521 - Can't parse numeric value [SELECT * FROM  employees] using formatter: For input string: "SELECT"
2026-01-22 18:07:07.521 - Can't parse numeric value [SELECT * FROM  employees] using formatter: For input string: "SELECT"
2026-01-22 18:07:07.521 - Can't parse numeric value [SELECT * FROM  employees] using formatter: For input string: "SELECT"
2026-01-22 18:07:07.522 - Can't parse numeric value [SELECT * FROM  employees] using formatter: For input string: "SELECT"
2026-01-22 18:07:07.522 - Can't parse numeric value [SELECT * FROM  employees] using formatter: For input string: "SELECT"
2026-01-22 18:25:51.772 - Execution context closed (localhost, 8)
2026-01-22 18:25:51.815 - Execution context closed (localhost, 2)
2026-01-22 18:25:51.839 - Execution context closed (localhost, 6)
2026-01-22 18:25:51.853 - Execution context closed (localhost, 4)
2026-01-22 18:25:51.890 - Execution context closed (localhost, 9)
2026-01-22 18:25:51.924 - Execution context closed (localhost, 5)
2026-01-22 18:25:52.022 - Dispose navigator model
2026-01-22 18:25:52.036 - DBeaver is stopping
2026-01-22 18:25:52.037 - Stop instance server
2026-01-22 18:25:53.039 - Instance server has been stopped
2026-01-22 18:25:53.039 - DBeaver shutdown completed
