2026-01-23 09:37:37.552 - DBeaver 25.3.3.202601181752 is starting
2026-01-23 09:37:37.553 - OS: Windows 11 10.0 (amd64)
2026-01-23 09:37:37.553 - Java version: 21.0.8 by Eclipse Adoptium (64bit)
2026-01-23 09:37:37.554 - Install path: 'C:\Users\adminn\AppData\Local\DBeaver'
2026-01-23 09:37:37.554 - Instance path: 'file:/C:/study/2. Datanbase/'
2026-01-23 09:37:37.555 - Memory available 64Mb/1024Mb
2026-01-23 09:37:37.565 - Create display
2026-01-23 09:37:37.654 - Initialize desktop platform...
2026-01-23 09:37:37.784 - BounceCastle bundle found. Use JCE provider BC
> Start Core File Systems [org.eclipse.core.filesystem 1.11.400.v20251107-0507]
> Start Core Resource Management [org.eclipse.core.resources 3.23.100.v20251106-1705]
> Start 팀 지원 핵심 [org.eclipse.team.core 3.10.900.v20251104-0924]
> Start DBeaver UI Navigator [org.jkiss.dbeaver.ui.navigator 1.0.171.202601181752]
2026-01-23 09:37:37.954 - Initialize base platform...
2026-01-23 09:37:37.965 - Platform initialized (310ms)
> Start Equinox Java Authentication and Authorization Service (JAAS) [org.eclipse.equinox.security 1.4.700.v20250622-1644]
> Start 인터넷 연결 관리 사용자 인터페이스 [org.eclipse.ui.net 1.5.500.v20250611-0855]
> Start Internet Connection Management [org.eclipse.core.net 1.5.800.v20250613-1119]
2026-01-23 09:37:38.086 - Proxy service 'org.eclipse.core.net.proxy.IProxyService' loaded
2026-01-23 09:37:38.195 - Starting instance server at http://localhost:53593
2026-01-23 09:37:38.203 - Run workbench
> Start Eclipse e4 작업영역 SWT [org.eclipse.e4.ui.workbench.swt 0.17.1000.v20251023-0611]
> Start Eclipse Application Services [org.eclipse.e4.core.services 2.5.300.v20251112-1253]
> Start Eclipse UI Application Services [org.eclipse.e4.ui.services 1.6.600.v20251023-1358]
> Start Eclipse e4 Progress View [org.eclipse.e4.ui.progress 0.4.900.v20251023-1511]
> Start Eclipse Bindings Support [org.eclipse.e4.ui.bindings 0.14.800.v20250916-0937]
> Start Eclipse e4 core commands [org.eclipse.e4.core.commands 1.1.700.v20250916-0927]
> Start EMF XML/XMI Persistence [org.eclipse.emf.ecore.xmi 2.39.0.v20250910-1205]
> Start Eclipse CSS SWT Theme Support [org.eclipse.e4.ui.css.swt.theme 0.14.600.v20251023-0615]
> Start Eclipse e4 작업영역 기능 추가 [org.eclipse.e4.ui.workbench.addons.swt 1.5.900.v20251007-0832]
Warning: NLS unused message: WorkbenchPreference_reuseEditorsThreshold in: org.eclipse.ui.internal.messages
Warning: NLS unused message: 이유 in: org.eclipse.ui.internal.messages
> Start Eclipse e4 작업영역 SWT 렌더러 [org.eclipse.e4.ui.workbench.renderers.swt 0.16.1000.v20251114-0005]
> Start Eclipse Dependency Injection Extensions [org.eclipse.e4.core.di.extensions 0.18.300.v20240413-1529]
> Start DBeaver AI Model [org.jkiss.dbeaver.model.ai 2.0.14.202601181752]
> Start DBeaver AI UI [org.jkiss.dbeaver.ui.ai 1.0.73.202601181752]
> Start Eclipse CSS SWT Support [org.eclipse.e4.ui.css.swt 0.15.700.v20251023-1511]
> Start JFace 텍스트 [org.eclipse.jface.text 3.29.0.v20251112-0859]
2026-01-23 09:37:39.603 - Configure workbench window
> Start DBeaver SQL Model [org.jkiss.dbeaver.model.sql 1.0.161.202601181752]
2026-01-23 09:37:39.754 - Total database drivers: 127 (127)
> Start 도움말 시스템 코어 [org.eclipse.help 3.10.600.v20250613-0437]
2026-01-23 09:37:39.818 - Create actions
2026-01-23 09:37:40.249 - Initialize workbench window
2026-01-23 09:37:40.261 - Finish initialization
> Start 기본 문서 편집기 [org.eclipse.ui.editors 3.20.200.v20251125-0939]
> Start 텍스트 편집기 프레임워크 [org.eclipse.ui.workbench.texteditor 3.19.400.v20251105-0815]
> Start DBeaver UI Editors - Data [org.jkiss.dbeaver.ui.editors.data 1.0.171.202601181752]
> Start DBeaver UI Editors - SQL [org.jkiss.dbeaver.ui.editors.sql 1.0.171.202601181752]
Warning: NLS unused message: FindReplace_RegExCheckbox_label in: org.eclipse.ui.texteditor.EditorMessages
Warning: NLS unused message: FindReplace_WrapCheckBox_label in: org.eclipse.ui.texteditor.EditorMessages
Warning: NLS unused message: FindReplace_IncrementalCheckBox_label in: org.eclipse.ui.texteditor.EditorMessages
Warning: NLS unused message: FindReplace_Options in: org.eclipse.ui.texteditor.EditorMessages
Warning: NLS unused message: FindReplace_ReplaceSelectionButton_label in: org.eclipse.ui.texteditor.EditorMessages
Warning: NLS unused message: FindReplace_SelectedRangeRadioButton_label in: org.eclipse.ui.texteditor.EditorMessages
Warning: NLS unused message: FindReplace_SelectAllButton_label in: org.eclipse.ui.texteditor.EditorMessages
Warning: NLS unused message: FindReplace_GlobalRadioButton_label in: org.eclipse.ui.texteditor.EditorMessages
Warning: NLS unused message: FindReplace_WholeWordCheckBox_label in: org.eclipse.ui.texteditor.EditorMessages
Warning: NLS unused message: FindReplace_ReplaceFindButton_label in: org.eclipse.ui.texteditor.EditorMessages
Warning: NLS unused message: FindReplace_BackwardRadioButton_label in: org.eclipse.ui.texteditor.EditorMessages
Warning: NLS unused message: FindReplace_CloseButton_label in: org.eclipse.ui.texteditor.EditorMessages
Warning: NLS unused message: FindReplace_Replace_label in: org.eclipse.ui.texteditor.EditorMessages
Warning: NLS unused message: FindReplace_CaseCheckBox_label in: org.eclipse.ui.texteditor.EditorMessages
Warning: NLS unused message: FindReplace_Status_replacements_label in: org.eclipse.ui.texteditor.EditorMessages
Warning: NLS unused message: FindReplace_title in: org.eclipse.ui.texteditor.EditorMessages
Warning: NLS unused message: FindReplace_Direction in: org.eclipse.ui.texteditor.EditorMessages
Warning: NLS unused message: FindReplace_ReplaceAllButton_label in: org.eclipse.ui.texteditor.EditorMessages
Warning: NLS unused message: FindReplace_Scope in: org.eclipse.ui.texteditor.EditorMessages
Warning: NLS unused message: FindReplace_Find_label in: org.eclipse.ui.texteditor.EditorMessages
Warning: NLS unused message: FindReplace_ForwardRadioButton_label in: org.eclipse.ui.texteditor.EditorMessages
Warning: NLS unused message: FindReplace_FindNextButton_label in: org.eclipse.ui.texteditor.EditorMessages
> Start DBeaver SQL Terminal [org.jkiss.dbeaver.ui.editors.sql.terminal 1.0.147.202601181752]
> Start 핵심 비교 지원 [org.eclipse.compare.core 3.8.800.v20250718-1505]
> Start DBeaver Sample Database [org.jkiss.dbeaver.ui.config.sample 1.0.208.202601181752]
2026-01-23 09:37:54.450 - Open [https://dbeaver.io/product/version.xml]
> Start DBeaver Dashboard UI [org.jkiss.dbeaver.ui.dashboard 1.0.168.202601181752]
> Start GEF Classic Draw2d [org.eclipse.draw2d 3.21.0.202512020742]
> Start GEF Classic GEF (MVC) [org.eclipse.gef 3.24.0.202511201732]
> Start DBeaver ERD UI [org.jkiss.dbeaver.ui.editors.erd 3.1.12.202601181752]
> Start DBeaver ERD Model [org.jkiss.dbeaver.model.erd 1.1.12.202601181752]
> Start DBeaver JDBC Model [org.jkiss.dbeaver.model.jdbc 1.0.64.202601181752]
> Start DBeaver MySQL Support [org.jkiss.dbeaver.ext.mysql 2.1.256.202601181752]
> Start 콘솔 [org.eclipse.ui.console 3.15.0.v20251113-1013]
> Start 디버그 핵심 [org.eclipse.debug.core 3.23.200.v20251107-0507]
2026-01-23 09:37:54.969 - Connect with 'localhost' (mysql8-19be336ad5d-44ec5041c9535462)
2026-01-23 09:37:54.996 - Execution context opened (localhost; Main; 0)
> Start DBeaver GIS Support [org.jkiss.dbeaver.data.gis 1.0.195.202601181752]
2026-01-23 09:37:55.182 - Execution context opened (localhost; Metadata; 1)
2026-01-23 09:37:55.252 - Connected (mysql8-19be336ad5d-44ec5041c9535462, MySQL Connector/J [mysql-connector-j-8.2.0 (Revision: 06a1f724497fd81c6a659131fda822c9e5085b6c)])
2026-01-23 09:37:55.302 - Execution context opened (localhost; SQLEditor <Script-1.sql>; 2)
> Start DBeaver Tasks - Native Tools UI [org.jkiss.dbeaver.tasks.native.ui 1.0.149.202601181752]
> Start DBeaver MySQL UI Support [org.jkiss.dbeaver.ext.mysql.ui 1.0.163.202601181752]
> Start DBeaver Tasks - General UI [org.jkiss.dbeaver.tasks.ui 1.0.149.202601181752]
> Start DBeaver SQL Language Semantic Model [org.jkiss.dbeaver.model.lsm 1.0.66.202601181752]
2026-01-23 09:38:20.686 - Execution context opened (localhost; SQLEditor <2. 제약조건 정리.sql>; 3)
2026-01-23 09:38:22.984 - Execution context opened (localhost; SQLEditor <문제풀이.sql>; 4)
2026-01-23 09:38:23.471 - Execution context opened (localhost; SQLEditor <Script.sql>; 5)
2026-01-23 09:38:26.204 - Execution context opened (localhost; SQLEditor <1. DML,DDL 정리.sql>; 6)
2026-01-23 09:38:27.534 - Execution context opened (localhost; SQLEditor <Script-2.sql>; 7)
> Start 검색 지원 [org.eclipse.search 3.17.400.v20251107-0917]
> Start DBeaver Data Transfer [org.jkiss.dbeaver.data.transfer 2.0.155.202601181752]
2026-01-23 10:18:13.297 - Can't parse numeric value [salaries] using formatter: For input string: "salaries"
2026-01-23 10:18:13.298 - Can't parse numeric value [salaries] using formatter: For input string: "salaries"
2026-01-23 10:18:13.298 - Can't parse numeric value [salaries] using formatter: For input string: "salaries"
2026-01-23 10:18:13.298 - Can't parse numeric value [salaries] using formatter: For input string: "salaries"
2026-01-23 10:18:13.298 - Can't parse numeric value [salaries] using formatter: For input string: "salaries"
2026-01-23 10:18:22.234 - Can't parse numeric value [salaries] using formatter: For input string: "salaries"
2026-01-23 10:18:22.235 - Can't parse numeric value [salaries] using formatter: For input string: "salaries"
2026-01-23 10:18:22.235 - Can't parse numeric value [salaries] using formatter: For input string: "salaries"
2026-01-23 10:18:22.236 - Can't parse numeric value [salaries] using formatter: For input string: "salaries"
2026-01-23 10:18:22.236 - Can't parse numeric value [salaries] using formatter: For input string: "salaries"
2026-01-23 10:18:36.075 - Can't parse numeric value [salaries] using formatter: For input string: "salaries"
2026-01-23 10:18:36.076 - Can't parse numeric value [salaries] using formatter: For input string: "salaries"
2026-01-23 10:18:36.076 - Can't parse numeric value [salaries] using formatter: For input string: "salaries"
2026-01-23 10:18:36.077 - Can't parse numeric value [salaries] using formatter: For input string: "salaries"
2026-01-23 10:18:36.077 - Can't parse numeric value [salaries] using formatter: For input string: "salaries"
2026-01-23 10:46:34.024 - Can't parse numeric value [salary < 40000] using formatter: For input string: "salar"
2026-01-23 10:46:34.025 - Can't parse numeric value [salary < 40000] using formatter: For input string: "salar"
2026-01-23 10:46:34.025 - Can't parse numeric value [salary < 40000] using formatter: For input string: "salar"
2026-01-23 10:46:34.026 - Can't parse numeric value [salary < 40000] using formatter: For input string: "salar"
2026-01-23 10:46:34.026 - Can't parse numeric value [salary < 40000] using formatter: For input string: "salar"
2026-01-23 10:47:40.562 - Can't parse numeric value [SELECT * FROM salaries
WHERE salary BETWEEN 60000 AND 80000;] using formatter: For input string: "SELECT "
2026-01-23 10:47:40.562 - Can't parse numeric value [SELECT * FROM salaries
WHERE salary BETWEEN 60000 AND 80000;] using formatter: For input string: "SELECT "
2026-01-23 10:47:40.564 - Can't parse numeric value [SELECT * FROM salaries
WHERE salary BETWEEN 60000 AND 80000;] using formatter: For input string: "SELECT "
2026-01-23 10:47:40.565 - Can't parse numeric value [SELECT * FROM salaries
WHERE salary BETWEEN 60000 AND 80000;] using formatter: For input string: "SELECT "
2026-01-23 10:47:40.567 - Can't parse numeric value [SELECT * FROM salaries
WHERE salary BETWEEN 60000 AND 80000;] using formatter: For input string: "SELECT "
2026-01-23 10:47:43.454 - Can't parse numeric value [SELECT * FROM salaries
WHERE salary BETWEEN 60000 AND 80000;] using formatter: For input string: "SELECT "
2026-01-23 10:47:43.454 - Can't parse numeric value [SELECT * FROM salaries
WHERE salary BETWEEN 60000 AND 80000;] using formatter: For input string: "SELECT "
2026-01-23 10:47:43.456 - Can't parse numeric value [SELECT * FROM salaries
WHERE salary BETWEEN 60000 AND 80000;] using formatter: For input string: "SELECT "
2026-01-23 10:47:43.457 - Can't parse numeric value [SELECT * FROM salaries
WHERE salary BETWEEN 60000 AND 80000;] using formatter: For input string: "SELECT "
2026-01-23 10:47:43.459 - Can't parse numeric value [SELECT * FROM salaries
WHERE salary BETWEEN 60000 AND 80000;] using formatter: For input string: "SELECT "
2026-01-23 11:02:47.521 - Execution context opened (localhost; SQLEditor <Script-3.sql>; 8)
2026-01-23 12:37:53.183 - Application goes into sleep mode
2026-01-23 13:12:14.691 - Application wakes
2026-01-23 13:26:20.227 - Can't parse numeric value [SELECT dept_no, DISTINCT emp_no AS emp_count FROM dept_emp
GROUP BY dept_no;] using formatter: For input string: "SELEC"
2026-01-23 13:26:20.227 - Can't parse numeric value [SELECT dept_no, DISTINCT emp_no AS emp_count FROM dept_emp
GROUP BY dept_no;] using formatter: For input string: "SELEC"
2026-01-23 13:26:20.227 - Can't parse numeric value [SELECT dept_no, DISTINCT emp_no AS emp_count FROM dept_emp
GROUP BY dept_no;] using formatter: For input string: "SELEC"
2026-01-23 13:26:20.227 - Can't parse numeric value [SELECT dept_no, DISTINCT emp_no AS emp_count FROM dept_emp
GROUP BY dept_no;] using formatter: For input string: "SELEC"
2026-01-23 13:26:20.227 - Can't parse numeric value [SELECT dept_no, DISTINCT emp_no AS emp_count FROM dept_emp
GROUP BY dept_no;] using formatter: For input string: "SELEC"
2026-01-23 13:26:22.140 - Can't parse numeric value [SELECT dept_no, DISTINCT emp_no AS emp_count FROM dept_emp
GROUP BY dept_no;] using formatter: For input string: "SELEC"
2026-01-23 13:26:22.140 - Can't parse numeric value [SELECT dept_no, DISTINCT emp_no AS emp_count FROM dept_emp
GROUP BY dept_no;] using formatter: For input string: "SELEC"
2026-01-23 13:26:22.142 - Can't parse numeric value [SELECT dept_no, DISTINCT emp_no AS emp_count FROM dept_emp
GROUP BY dept_no;] using formatter: For input string: "SELEC"
2026-01-23 13:26:22.143 - Can't parse numeric value [SELECT dept_no, DISTINCT emp_no AS emp_count FROM dept_emp
GROUP BY dept_no;] using formatter: For input string: "SELEC"
2026-01-23 13:26:22.144 - Can't parse numeric value [SELECT dept_no, DISTINCT emp_no AS emp_count FROM dept_emp
GROUP BY dept_no;] using formatter: For input string: "SELEC"
2026-01-23 14:12:45.274 - Paste error: clipboard contains data in unsupported format
2026-01-23 14:56:25.116 - Can't parse numeric value [emp_no] using formatter: For input string: "emp_no"
2026-01-23 14:56:25.116 - Can't parse numeric value [emp_no] using formatter: For input string: "emp_no"
2026-01-23 14:56:25.117 - Can't parse numeric value [emp_no] using formatter: For input string: "emp_no"
2026-01-23 14:56:25.117 - Can't parse numeric value [emp_no] using formatter: For input string: "emp_no"
2026-01-23 14:56:25.117 - Can't parse numeric value [emp_no] using formatter: For input string: "emp_no"
2026-01-23 14:56:32.239 - Can't parse numeric value [emp_no] using formatter: For input string: "emp_no"
2026-01-23 14:56:32.239 - Can't parse numeric value [emp_no] using formatter: For input string: "emp_no"
2026-01-23 14:56:32.239 - Can't parse numeric value [emp_no] using formatter: For input string: "emp_no"
2026-01-23 14:56:32.240 - Can't parse numeric value [emp_no] using formatter: For input string: "emp_no"
2026-01-23 14:56:32.240 - Can't parse numeric value [emp_no] using formatter: For input string: "emp_no"
2026-01-23 15:18:07.592 - Execution context opened (localhost; SQLEditor <Script-3.sql>; 9)
2026-01-23 15:45:06.035 - Can't parse numeric value [ DESC] using formatter: For input string: " DESC"
2026-01-23 15:45:06.035 - Can't parse numeric value [ DESC] using formatter: For input string: " DESC"
2026-01-23 15:45:06.035 - Can't parse numeric value [ DESC] using formatter: For input string: " DESC"
2026-01-23 15:45:06.036 - Can't parse numeric value [ DESC] using formatter: For input string: " DESC"
2026-01-23 15:45:06.036 - Can't parse numeric value [ DESC] using formatter: For input string: " DESC"
2026-01-23 16:47:08.464 - Execution context opened (localhost; SQLEditor <Script-3.sql>; 10)
2026-01-23 17:09:34.414 - Execution context opened (localhost; SQLEditor <Script-3.sql>; 11)
2026-01-23 18:14:46.556 - Can't parse numeric value [SELECT salary
FROM salaries s
ORDER BY salary DESC] using formatter: For input string: "SELECT "
2026-01-23 18:14:46.557 - Can't parse numeric value [SELECT salary
FROM salaries s
ORDER BY salary DESC] using formatter: For input string: "SELECT "
2026-01-23 18:14:46.558 - Can't parse numeric value [SELECT salary
FROM salaries s
ORDER BY salary DESC] using formatter: For input string: "SELECT "
2026-01-23 18:14:46.559 - Can't parse numeric value [SELECT salary
FROM salaries s
ORDER BY salary DESC] using formatter: For input string: "SELECT "
2026-01-23 18:14:46.560 - Can't parse numeric value [SELECT salary
FROM salaries s
ORDER BY salary DESC] using formatter: For input string: "SELECT "
